<?xml version="1.0" encoding="UTF-8"?>
<testsuite xmlns:xsi="http://www.w3.org/2001/XMLSchema-instance" xsi:noNamespaceSchemaLocation="https://maven.apache.org/surefire/maven-surefire-plugin/xsd/surefire-test-report-3.0.xsd" version="3.0" name="com.smarthealth.controller.PatientControllerTest" time="0.703" tests="5" errors="0" skipped="0" failures="0">
  <properties>
[...]
</properties>
  <testcase name="shouldBookAppointment" classname="com.smarthealth.controller.PatientControllerTest" time="0.513"/>
  <testcase name="shouldCalculateLowRiskMetric" classname="com.smarthealth.controller.PatientControllerTest" time="0.046"/>
  <testcase name="shouldCalculateHighRiskMetricAndNotifyEmergency" classname="com.smarthealth.controller.PatientControllerTest" time="0.05"/>
  <testcase name="shouldShowDashboard" classname="com.smarthealth.controller.PatientControllerTest" time="0.054"/>
  <testcase name="shouldRedirectToLoginIfNoSession" classname="com.smarthealth.controller.PatientControllerTest" time="0.034"/>
</testsuite>