<?xml version="1.0" encoding="UTF-8"?>
<testsuite xmlns:xsi="http://www.w3.org/2001/XMLSchema-instance" xsi:noNamespaceSchemaLocation="https://maven.apache.org/surefire/maven-surefire-plugin/xsd/surefire-test-report-3.0.xsd" version="3.0" name="com.smarthealth.repository.jpa.AppointmentRepositoryTest" time="7.518" tests="2" errors="0" skipped="0" failures="0">
  <properties>
[...]
</properties>
  <testcase name="shouldReturnZeroMaxTokenIfNoAppointments" classname="com.smarthealth.repository.jpa.AppointmentRepositoryTest" time="0.353">
    <system-out><![CDATA[Hibernate: drop table if exists admin_messages cascade 
Hibernate: drop table if exists appointments cascade 
Hibernate: drop table if exists bed_stays cascade 
Hibernate: drop table if exists beds cascade 
Hibernate: drop table if exists contact_messages cascade 
Hibernate: drop table if exists departments cascade 
Hibernate: drop table if exists doctor_reviews cascade 
Hibernate: drop table if exists doctor_schedules cascade 
Hibernate: drop table if exists doctors cascade 
Hibernate: drop table if exists lab_requests cascade 
Hibernate: drop table if exists lab_tests cascade 
Hibernate: drop table if exists medical_reports cascade 
Hibernate: drop table if exists medicines cascade 
Hibernate: drop table if exists patients cascade 
Hibernate: drop table if exists payments cascade 
Hibernate: drop table if exists prescribed_medicines cascade 
Hibernate: drop table if exists prescriptions cascade 
Hibernate: drop table if exists reminders cascade 
Hibernate: drop table if exists site_content cascade 
Hibernate: drop table if exists time_slots cascade 
Hibernate: drop table if exists users cascade 
Hibernate: create table admin_messages (recipientCount integer not null, id bigint generated by default as identity, sent_at timestamp(6) not null, sent_by bigint, body TEXT not null, deliveryMethod varchar(255), filterBloodGroup varchar(255), filterDepartment varchar(255), filterGender varchar(255), filterSpecialty varchar(255), status varchar(255) not null, subject varchar(255) not null, targetRole varchar(255) not null, primary key (id))
Hibernate: create table appointments (assigned_by_reception TINYINT(1) DEFAULT 0, preferred_date date, token_number integer, created_at timestamp(6), doctor_id bigint, estimated_time timestamp(6), id bigint generated by default as identity, patient_id bigint not null, scheduledAt timestamp(6), notes TEXT, preferred_date_note varchar(255), status varchar(255) not null, primary key (id))
Hibernate: create table bed_stays (dailyCharge float(53) not null, finalBill float(53), settled boolean not null, assignedAt timestamp(6) not null, id bigint generated by default as identity, patient_id bigint not null, releasedAt timestamp(6), bedNumber varchar(255) not null, primary key (id))
Hibernate: create table beds (dailyCharge float(53) not null, assigned_at timestamp(6), department_id bigint not null, id bigint generated by default as identity, patient_id bigint, bedNumber varchar(255) not null, status enum ('AVAILABLE','MAINTENANCE','OCCUPIED') not null, type enum ('ICU','NORMAL') not null, primary key (id))
Hibernate: create table contact_messages (created_at timestamp(6), id bigint generated by default as identity, replied_at timestamp(6), adminReply TEXT, email varchar(255) not null, fullName varchar(255) not null, message TEXT not null, status varchar(255) not null, subject varchar(255) not null, primary key (id))
Hibernate: create table departments (availableBeds int default 0 not null, currOccupancy integer not null, icuBeds int default 0 not null, occupiedBeds int default 0 not null, targetCapacity integer not null, totalBeds int default 0 not null, id bigint generated by default as identity, code varchar(255) not null unique, description TEXT, emergencyPhone varchar(255), headName varchar(255), name varchar(255) not null, physicalLocation varchar(255), status varchar(255) not null, primary key (id))
Hibernate: create table doctor_reviews (rating integer not null, appointment_id bigint not null unique, createdAt timestamp(6) not null, doctor_id bigint not null, id bigint generated by default as identity, patient_id bigint not null, comment varchar(1000), primary key (id))
Hibernate: create table doctor_schedules (endTime time(6) not null, maxPatients integer not null, scheduleDate date not null, startTime time(6) not null, doctor_id bigint not null, id bigint generated by default as identity, primary key (id))
Hibernate: create table doctors (experience integer, isApproved boolean not null, department_id bigint, id bigint generated by default as identity, user_id bigint not null unique, availableDays varchar(255), bio TEXT, licenseNumber varchar(255) not null unique, phone varchar(255), profileImage varchar(255), specialty varchar(255) not null, status varchar(255) not null, primary key (id))
Hibernate: create table lab_requests (completedAt timestamp(6), doctor_id bigint not null, id bigint generated by default as identity, lab_test_id bigint not null, patient_id bigint not null, requestedAt timestamp(6) not null, doctorNotes TEXT, groupId varchar(255), resultFileUrl varchar(255), resultNotes TEXT, status enum ('COMPLETED','IN_PROGRESS','PENDING') not null, primary key (id))
Hibernate: create table lab_tests (isActive boolean not null, price float(53) not null, id bigint generated by default as identity, description varchar(500), name varchar(255) not null unique, primary key (id))
Hibernate: create table medical_reports (created_at timestamp(6), id bigint generated by default as identity, patient_id bigint not null, prescription_id bigint, description TEXT, doctorComments TEXT, filePath varchar(255), results TEXT, title varchar(255) not null, uploaded_by varchar(255), report_status enum ('ABNORMAL','NORMAL','PENDING','REVIEWED'), report_type enum ('BLOOD_TEST','CT_SCAN','ECG','MRI','OTHER','URINE_TEST','X_RAY'), primary key (id))
Hibernate: create table medicines (expiry_date date, is_active boolean not null, price float(53), price_per_pack float(53), stock_quantity integer not null, units_per_pack integer, created_at timestamp(6), id bigint generated by default as identity, category varchar(255), created_by varchar(255), description TEXT, dosage_form varchar(255), name varchar(255) not null, strength varchar(255), primary key (id))
Hibernate: create table patients (afternoonReminderTime time(6), dateOfBirth date, medicineRemindersEnabled boolean, morningReminderTime time(6), nightReminderTime time(6), department_id bigint, doctor_id bigint, id bigint generated by default as identity, user_id bigint not null unique, address TEXT, allergies TEXT, bloodGroup varchar(255), emergencyEmail varchar(255), gender varchar(255), phone varchar(255), primary key (id))
Hibernate: create table payments (amount float(53) not null, createdAt timestamp(6) not null, id bigint generated by default as identity, patient_id bigint not null, description varchar(255), method varchar(255) not null, razorpay_order_id varchar(255), razorpay_payment_id varchar(255), status varchar(255) not null, type varchar(255) not null, primary key (id))
Hibernate: create table prescribed_medicines (id bigint generated by default as identity, prescription_id bigint not null, dosage varchar(255) not null, duration varchar(255) not null, medicineName varchar(255) not null, timing varchar(255) not null, primary key (id))
Hibernate: create table prescriptions (validUntil date, created_at timestamp(6), doctor_id bigint not null, id bigint generated by default as identity, patient_id bigint not null, diagnosis varchar(255) not null, instructions TEXT, medicines TEXT not null, notes TEXT, primary key (id))
Hibernate: create table reminders (isActive boolean, reminderDate date, reminderTime time(6) not null, id bigint generated by default as identity, patient_id bigint not null, description TEXT, title varchar(255) not null, type varchar(255) not null, primary key (id))
Hibernate: create table site_content (id bigint generated by default as identity, aboutDescription TEXT, address varchar(255), contactEmail varchar(255), contactPhone varchar(255), projectTitle varchar(255), tagline varchar(255), primary key (id))
Hibernate: create table time_slots (isBooked boolean not null, slotDate date not null, slotTime time(6) not null, doctor_id bigint not null, id bigint generated by default as identity, primary key (id))
Hibernate: create table users (isActive boolean not null, created_at timestamp(6), id bigint generated by default as identity, last_login timestamp(6), otp_expiry timestamp(6), fullName varchar(100) not null, email varchar(255) not null unique, password varchar(255) not null, phone varchar(255), reset_password_otp varchar(255), role enum ('ADMIN','DOCTOR','LAB_STAFF','MEDICAL_STAFF','PATIENT','RECEPTIONIST') not null, primary key (id))
Hibernate: alter table if exists admin_messages add constraint FK97rxolfb9jngdth0jo0a0lqeg foreign key (sent_by) references users
Hibernate: alter table if exists appointments add constraint FKmujeo4tymoo98cmf7uj3vsv76 foreign key (doctor_id) references doctors
Hibernate: alter table if exists appointments add constraint FK8exap5wmg8kmb1g1rx3by21yt foreign key (patient_id) references patients
Hibernate: alter table if exists bed_stays add constraint FKma5t24gr0l6td3s8e25cp8u2u foreign key (patient_id) references patients
Hibernate: alter table if exists beds add constraint FKgnnrfxk4eh5c16xho92sltjkk foreign key (department_id) references departments
Hibernate: alter table if exists beds add constraint FK4h1eygo0cl2k08jyto7objc5t foreign key (patient_id) references patients
Hibernate: alter table if exists doctor_reviews add constraint FKddxxf0j9ed5mfrgd3bs7qrgjj foreign key (appointment_id) references appointments
Hibernate: alter table if exists doctor_reviews add constraint FKhj9uqhihh5fqsctx0hkppn7xq foreign key (doctor_id) references doctors
Hibernate: alter table if exists doctor_reviews add constraint FKeebeel17qx01nrjsr0vo40viu foreign key (patient_id) references patients
Hibernate: alter table if exists doctor_schedules add constraint FKqptts4sun4tpv6elafrnrfeup foreign key (doctor_id) references doctors
Hibernate: alter table if exists doctors add constraint FKl2mro81neln9topymd898urh1 foreign key (department_id) references departments
Hibernate: alter table if exists doctors add constraint FKe9pf5qtxxkdyrwibaevo9frtk foreign key (user_id) references users
Hibernate: alter table if exists lab_requests add constraint FKtjd143t1c550vtiy65m45u3kd foreign key (doctor_id) references doctors
Hibernate: alter table if exists lab_requests add constraint FK7ituudey4j3yboeiovmkg0euu foreign key (lab_test_id) references lab_tests
Hibernate: alter table if exists lab_requests add constraint FK75p4ko3xn9k8k5xiypggyfk24 foreign key (patient_id) references patients
Hibernate: alter table if exists medical_reports add constraint FK3vms19yslh5fp2ewsda8k71tb foreign key (patient_id) references patients
Hibernate: alter table if exists medical_reports add constraint FKq4gsrqub6228ovipekmwdytwk foreign key (prescription_id) references prescriptions
Hibernate: alter table if exists patients add constraint FKperqpk72jxd90l8yq7qf5fsx0 foreign key (doctor_id) references doctors
Hibernate: alter table if exists patients add constraint FKrg3am220txjbtiaqb0eslidxq foreign key (department_id) references departments
Hibernate: alter table if exists patients add constraint FKuwca24wcd1tg6pjex8lmc0y7 foreign key (user_id) references users
Hibernate: alter table if exists payments add constraint FKlvfcgbin5vh2ivae1l87bmawb foreign key (patient_id) references patients
Hibernate: alter table if exists prescribed_medicines add constraint FK839nno4amg9972n232g68c8bx foreign key (prescription_id) references prescriptions
Hibernate: alter table if exists prescriptions add constraint FK24chc88e4so7cd6melh11rv6 foreign key (doctor_id) references doctors
Hibernate: alter table if exists prescriptions add constraint FKqydyol76jn1o37k1bdbkjgq74 foreign key (patient_id) references patients
Hibernate: alter table if exists reminders add constraint FK5720345m57dsktj1qby5o3d43 foreign key (patient_id) references patients
Hibernate: alter table if exists time_slots add constraint FKbiuoj962mxxbggbgbhxkg120h foreign key (doctor_id) references doctors
Hibernate: insert into users (created_at,email,fullName,isActive,last_login,otp_expiry,password,phone,reset_password_otp,role,id) values (?,?,?,?,?,?,?,?,?,?,default)
Hibernate: insert into doctors (availableDays,bio,department_id,experience,isApproved,licenseNumber,phone,profileImage,specialty,status,user_id,id) values (?,?,?,?,?,?,?,?,?,?,?,default)
Hibernate: insert into users (created_at,email,fullName,isActive,last_login,otp_expiry,password,phone,reset_password_otp,role,id) values (?,?,?,?,?,?,?,?,?,?,default)
Hibernate: insert into patients (address,afternoonReminderTime,allergies,doctor_id,bloodGroup,dateOfBirth,department_id,emergencyEmail,gender,medicineRemindersEnabled,morningReminderTime,nightReminderTime,phone,user_id,id) values (?,?,?,?,?,?,?,?,?,?,?,?,?,?,default)
Hibernate: select coalesce(max(a1_0.token_number),0) from appointments a1_0 where a1_0.doctor_id=? and a1_0.scheduledAt>=? and a1_0.scheduledAt<?
]]></system-out>
    <system-err><![CDATA[Apr 25, 2026 1:10:45 PM org.hibernate.jpa.internal.util.LogHelper logPersistenceUnitInformation
INFO: HHH000204: Processing PersistenceUnitInfo [name: default]
Apr 25, 2026 1:10:45 PM org.hibernate.Version logVersion
INFO: HHH000412: Hibernate ORM core version 6.6.1.Final
Apr 25, 2026 1:10:45 PM org.hibernate.cache.internal.RegionFactoryInitiator initiateService
INFO: HHH000026: Second-level cache disabled
Apr 25, 2026 1:10:46 PM org.hibernate.engine.jdbc.dialect.internal.DialectFactoryImpl constructDialect
WARN: HHH90000025: H2Dialect does not need to be specified explicitly using 'hibernate.dialect' (remove the property setting and it will be selected by default)
Apr 25, 2026 1:10:46 PM org.hibernate.engine.jdbc.env.internal.JdbcEnvironmentInitiator initiateService
INFO: HHH10001005: Database info:
	Database JDBC URL [Connecting through datasource 'org.springframework.jdbc.datasource.DriverManagerDataSource@782143e8']
	Database driver: undefined/unknown
	Database version: 2.2.224
	Autocommit mode: undefined/unknown
	Isolation level: undefined/unknown
	Minimum pool size: undefined/unknown
	Maximum pool size: undefined/unknown
Apr 25, 2026 1:10:48 PM org.hibernate.engine.transaction.jta.platform.internal.JtaPlatformInitiator initiateService
INFO: HHH000489: No JTA platform available (set 'hibernate.transaction.jta.platform' to enable JTA platform integration)
]]></system-err>
  </testcase>
  <testcase name="shouldFindMaxTokenNumber" classname="com.smarthealth.repository.jpa.AppointmentRepositoryTest" time="0.032">
    <system-out><![CDATA[Hibernate: insert into users (created_at,email,fullName,isActive,last_login,otp_expiry,password,phone,reset_password_otp,role,id) values (?,?,?,?,?,?,?,?,?,?,default)
Hibernate: insert into doctors (availableDays,bio,department_id,experience,isApproved,licenseNumber,phone,profileImage,specialty,status,user_id,id) values (?,?,?,?,?,?,?,?,?,?,?,default)
Hibernate: insert into users (created_at,email,fullName,isActive,last_login,otp_expiry,password,phone,reset_password_otp,role,id) values (?,?,?,?,?,?,?,?,?,?,default)
Hibernate: insert into patients (address,afternoonReminderTime,allergies,doctor_id,bloodGroup,dateOfBirth,department_id,emergencyEmail,gender,medicineRemindersEnabled,morningReminderTime,nightReminderTime,phone,user_id,id) values (?,?,?,?,?,?,?,?,?,?,?,?,?,?,default)
Hibernate: insert into appointments (assigned_by_reception,created_at,doctor_id,estimated_time,notes,patient_id,preferred_date,preferred_date_note,scheduledAt,status,token_number,id) values (?,?,?,?,?,?,?,?,?,?,?,default)
Hibernate: insert into appointments (assigned_by_reception,created_at,doctor_id,estimated_time,notes,patient_id,preferred_date,preferred_date_note,scheduledAt,status,token_number,id) values (?,?,?,?,?,?,?,?,?,?,?,default)
Hibernate: select coalesce(max(a1_0.token_number),0) from appointments a1_0 where a1_0.doctor_id=? and a1_0.scheduledAt>=? and a1_0.scheduledAt<?
]]></system-out>
  </testcase>
</testsuite>